Yosys 0.62 (git sha1 7326bb7d6641500ecb285c291a54a662cb1e76cf, clang++ 21.1.2 -fPIC -O3)
Using ABC speed script.
Extracting clock period from SDC file: ./results/ihp-sg13g2/picosoc_ihp/base/clock_period.txt
Setting clock period to 20000
1. Executing Liberty frontend: /home/ubuntu/Documents/asictest/OpenROAD-flow-scripts/flow/platforms/ihp-sg13g2/lib/sg13g2_stdcell_typ_1p20V_25C.lib
2. Executing Liberty frontend: /home/ubuntu/Documents/asictest/OpenROAD-flow-scripts/flow/platforms/ihp-sg13g2/lib/sg13g2_io_typ_1p2V_3p3V_25C.lib
3. Executing Liberty frontend: /home/ubuntu/Documents/asictest/OpenROAD-flow-scripts/flow/platforms/ihp-sg13g2/lib/sg13g2_stdcell_typ_1p20V_25C.lib
4. Executing Liberty frontend: /home/ubuntu/Documents/asictest/OpenROAD-flow-scripts/flow/platforms/ihp-sg13g2/lib/sg13g2_io_typ_1p2V_3p3V_25C.lib
5. Executing Verilog-2005 frontend: /home/ubuntu/Documents/asictest/OpenROAD-flow-scripts/flow/designs/ihp-sg13g2/picosoc_SoCBilbao/picosoc_ihp.v
6. Executing Verilog-2005 frontend: /home/ubuntu/Documents/asictest/OpenROAD-flow-scripts/flow/designs/src/picosoc_SoCBilbao/picosoc_ihp_SoCBilbao_minimac2.v
7. Executing Verilog-2005 frontend: /home/ubuntu/Documents/asictest/OpenROAD-flow-scripts/flow/designs/src/picosoc_SoCBilbao/picorv32.v
8. Executing Verilog-2005 frontend: /home/ubuntu/Documents/asictest/OpenROAD-flow-scripts/flow/designs/src/picosoc_SoCBilbao/async_fifo.v
9. Executing Verilog-2005 frontend: /home/ubuntu/Documents/asictest/OpenROAD-flow-scripts/flow/designs/src/picosoc_SoCBilbao/fifomem.v
10. Executing Verilog-2005 frontend: /home/ubuntu/Documents/asictest/OpenROAD-flow-scripts/flow/designs/src/picosoc_SoCBilbao/ha1588.v
11. Executing Verilog-2005 frontend: /home/ubuntu/Documents/asictest/OpenROAD-flow-scripts/flow/designs/src/picosoc_SoCBilbao/ha1588_wb.v
12. Executing Verilog-2005 frontend: /home/ubuntu/Documents/asictest/OpenROAD-flow-scripts/flow/designs/src/picosoc_SoCBilbao/minimac2_ctlif.v
13. Executing Verilog-2005 frontend: /home/ubuntu/Documents/asictest/OpenROAD-flow-scripts/flow/designs/src/picosoc_SoCBilbao/minimac2_memory.v
14. Executing Verilog-2005 frontend: /home/ubuntu/Documents/asictest/OpenROAD-flow-scripts/flow/designs/src/picosoc_SoCBilbao/minimac2_psync.v
15. Executing Verilog-2005 frontend: /home/ubuntu/Documents/asictest/OpenROAD-flow-scripts/flow/designs/src/picosoc_SoCBilbao/minimac2_rx.v
16. Executing Verilog-2005 frontend: /home/ubuntu/Documents/asictest/OpenROAD-flow-scripts/flow/designs/src/picosoc_SoCBilbao/minimac2_sync.v
17. Executing Verilog-2005 frontend: /home/ubuntu/Documents/asictest/OpenROAD-flow-scripts/flow/designs/src/picosoc_SoCBilbao/minimac2_tx.v
18. Executing Verilog-2005 frontend: /home/ubuntu/Documents/asictest/OpenROAD-flow-scripts/flow/designs/src/picosoc_SoCBilbao/minimac2.v
19. Executing Verilog-2005 frontend: /home/ubuntu/Documents/asictest/OpenROAD-flow-scripts/flow/designs/src/picosoc_SoCBilbao/picorv32_wb_adapter.v
20. Executing Verilog-2005 frontend: /home/ubuntu/Documents/asictest/OpenROAD-flow-scripts/flow/designs/src/picosoc_SoCBilbao/ptp_parser.v
21. Executing Verilog-2005 frontend: /home/ubuntu/Documents/asictest/OpenROAD-flow-scripts/flow/designs/src/picosoc_SoCBilbao/ptp_queue.v
22. Executing Verilog-2005 frontend: /home/ubuntu/Documents/asictest/OpenROAD-flow-scripts/flow/designs/src/picosoc_SoCBilbao/RAMB16BWER_wrapper_arty.v
23. Executing Verilog-2005 frontend: /home/ubuntu/Documents/asictest/OpenROAD-flow-scripts/flow/designs/src/picosoc_SoCBilbao/reg.v
24. Executing Verilog-2005 frontend: /home/ubuntu/Documents/asictest/OpenROAD-flow-scripts/flow/designs/src/picosoc_SoCBilbao/RM_IHPSG13_1P_512x32_c2_bm_bist.v
25. Executing Verilog-2005 frontend: /home/ubuntu/Documents/asictest/OpenROAD-flow-scripts/flow/designs/src/picosoc_SoCBilbao/RM_IHPSG13_1P_core_behavioral_bm_bist.v
26. Executing Verilog-2005 frontend: /home/ubuntu/Documents/asictest/OpenROAD-flow-scripts/flow/designs/src/picosoc_SoCBilbao/RM_IHPSG13_1P_core_behavioral.v
27. Executing Verilog-2005 frontend: /home/ubuntu/Documents/asictest/OpenROAD-flow-scripts/flow/designs/src/picosoc_SoCBilbao/RM_IHPSG13_2P_512x32_c2_bm_bist.v
28. Executing Verilog-2005 frontend: /home/ubuntu/Documents/asictest/OpenROAD-flow-scripts/flow/designs/src/picosoc_SoCBilbao/RM_IHPSG13_2P_64x32_c2.v
29. Executing Verilog-2005 frontend: /home/ubuntu/Documents/asictest/OpenROAD-flow-scripts/flow/designs/src/picosoc_SoCBilbao/RM_IHPSG13_2P_core_behavioral_bm_bist_ideal.v
30. Executing Verilog-2005 frontend: /home/ubuntu/Documents/asictest/OpenROAD-flow-scripts/flow/designs/src/picosoc_SoCBilbao/RM_IHPSG13_2P_core_behavioral_ideal.v
31. Executing Verilog-2005 frontend: /home/ubuntu/Documents/asictest/OpenROAD-flow-scripts/flow/designs/src/picosoc_SoCBilbao/rptr_empty.v
32. Executing Verilog-2005 frontend: /home/ubuntu/Documents/asictest/OpenROAD-flow-scripts/flow/designs/src/picosoc_SoCBilbao/rtc.v
33. Executing Verilog-2005 frontend: /home/ubuntu/Documents/asictest/OpenROAD-flow-scripts/flow/designs/src/picosoc_SoCBilbao/simpleuart.v
34. Executing Verilog-2005 frontend: /home/ubuntu/Documents/asictest/OpenROAD-flow-scripts/flow/designs/src/picosoc_SoCBilbao/SoCBILBAO_top.v
35. Executing Verilog-2005 frontend: /home/ubuntu/Documents/asictest/OpenROAD-flow-scripts/flow/designs/src/picosoc_SoCBilbao/spimemio.v
36. Executing Verilog-2005 frontend: /home/ubuntu/Documents/asictest/OpenROAD-flow-scripts/flow/designs/src/picosoc_SoCBilbao/sync_r2w.v
37. Executing Verilog-2005 frontend: /home/ubuntu/Documents/asictest/OpenROAD-flow-scripts/flow/designs/src/picosoc_SoCBilbao/sync_w2r.v
38. Executing Verilog-2005 frontend: /home/ubuntu/Documents/asictest/OpenROAD-flow-scripts/flow/designs/src/picosoc_SoCBilbao/tsu.v
39. Executing Verilog-2005 frontend: /home/ubuntu/Documents/asictest/OpenROAD-flow-scripts/flow/designs/src/picosoc_SoCBilbao/wb_slv_wrapper.v
40. Executing Verilog-2005 frontend: /home/ubuntu/Documents/asictest/OpenROAD-flow-scripts/flow/designs/src/picosoc_SoCBilbao/wptr_full.v
41. Executing Verilog-2005 frontend: /home/ubuntu/Documents/asictest/OpenROAD-flow-scripts/flow/designs/src/picosoc_SoCBilbao/wrapper_dcfifo_128b_16_opensource.v
42. Executing Verilog-2005 frontend: /home/ubuntu/Documents/asictest/OpenROAD-flow-scripts/flow/platforms/ihp-sg13g2/cells_clkgate.v
43. Executing HIERARCHY pass (managing design hierarchy).
44. Executing AST frontend in derive mode using pre-parsed AST for module `\picosoc_ihp'.
/home/ubuntu/Documents/asictest/OpenROAD-flow-scripts/flow/designs/ihp-sg13g2/picosoc_SoCBilbao/picosoc_ihp.v:115: Warning: Identifier `\sg13g2_IOPad_io_phy_mii_clk_c2p' is implicitly declared.
/home/ubuntu/Documents/asictest/OpenROAD-flow-scripts/flow/designs/ihp-sg13g2/picosoc_SoCBilbao/picosoc_ihp.v:116: Warning: Identifier `\sg13g2_IOPad_io_phy_rst_n_c2p' is implicitly declared.
/home/ubuntu/Documents/asictest/OpenROAD-flow-scripts/flow/designs/ihp-sg13g2/picosoc_SoCBilbao/picosoc_ihp.v:117: Warning: Identifier `\sg13g2_IOPad_io_mii_data_do_c2p' is implicitly declared.
/home/ubuntu/Documents/asictest/OpenROAD-flow-scripts/flow/designs/ihp-sg13g2/picosoc_SoCBilbao/picosoc_ihp.v:117: Warning: Identifier `\sg13g2_IOPad_io_mii_data_oe_c2p' is implicitly declared.
/home/ubuntu/Documents/asictest/OpenROAD-flow-scripts/flow/designs/ihp-sg13g2/picosoc_SoCBilbao/picosoc_ihp.v:117: Warning: Identifier `\sg13g2_IOPad_io_fmii_data_di_p2c' is implicitly declared.
/home/ubuntu/Documents/asictest/OpenROAD-flow-scripts/flow/designs/ihp-sg13g2/picosoc_SoCBilbao/picosoc_ihp.v:126: Warning: Identifier `\sg13g2_IOPad_io_ser_tx_c2p' is implicitly declared.
/home/ubuntu/Documents/asictest/OpenROAD-flow-scripts/flow/designs/ihp-sg13g2/picosoc_SoCBilbao/picosoc_ihp.v:127: Warning: Identifier `\sg13g2_IOPad_io_ser_rx_p2c' is implicitly declared.
44.1. Analyzing design hierarchy..
44.2. Executing AST frontend in derive mode using pre-parsed AST for module `\SoCBILBAO_top'.
44.3. Analyzing design hierarchy..
44.4. Executing AST frontend in derive mode using pre-parsed AST for module `\picosoc_SoCBilbao_minimac2'.
44.5. Analyzing design hierarchy..
44.6. Executing AST frontend in derive mode using pre-parsed AST for module `\picosoc_mem'.
44.7. Executing AST frontend in derive mode using pre-parsed AST for module `\simpleuart'.
44.8. Executing AST frontend in derive mode using pre-parsed AST for module `\spimemio'.
44.9. Executing AST frontend in derive mode using pre-parsed AST for module `\ha1588_wb'.
44.10. Executing AST frontend in derive mode using pre-parsed AST for module `\minimac2'.
44.11. Executing AST frontend in derive mode using pre-parsed AST for module `\picorv32_wb_adapter'.
44.12. Executing AST frontend in derive mode using pre-parsed AST for module `\picorv32'.
44.13. Analyzing design hierarchy..
44.14. Executing AST frontend in derive mode using pre-parsed AST for module `\ha1588'.
44.15. Executing AST frontend in derive mode using pre-parsed AST for module `\wb_slv_wrapper'.
44.16. Executing AST frontend in derive mode using pre-parsed AST for module `\spimemio_xfer'.
44.17. Executing AST frontend in derive mode using pre-parsed AST for module `\minimac2_rx'.
44.18. Executing AST frontend in derive mode using pre-parsed AST for module `\minimac2_tx'.
44.19. Executing AST frontend in derive mode using pre-parsed AST for module `\minimac2_memory'.
44.20. Executing AST frontend in derive mode using pre-parsed AST for module `\minimac2_sync'.
44.21. Executing AST frontend in derive mode using pre-parsed AST for module `\minimac2_ctlif'.
44.22. Executing AST frontend in derive mode using pre-parsed AST for module `\picorv32_pcpi_div'.
44.23. Executing AST frontend in derive mode using pre-parsed AST for module `\picorv32_pcpi_fast_mul'.
44.24. Executing AST frontend in derive mode using pre-parsed AST for module `\picosoc_regs'.
44.25. Analyzing design hierarchy..
44.26. Executing AST frontend in derive mode using pre-parsed AST for module `\tsu'.
44.27. Executing AST frontend in derive mode using pre-parsed AST for module `\rtc'.
44.28. Executing AST frontend in derive mode using pre-parsed AST for module `\rgs'.
44.29. Executing AST frontend in derive mode using pre-parsed AST for module `\minimac2_psync'.
44.30. Executing AST frontend in derive mode using pre-parsed AST for module `\RAMB16BWER_arty'.
44.31. Analyzing design hierarchy..
44.32. Executing AST frontend in derive mode using pre-parsed AST for module `\ptp_queue'.
44.33. Executing AST frontend in derive mode using pre-parsed AST for module `\ptp_parser'.
44.34. Analyzing design hierarchy..
44.35. Executing AST frontend in derive mode using pre-parsed AST for module `\wrapper_dcfifo_128b_16_opensource'.
44.36. Analyzing design hierarchy..
44.37. Executing AST frontend in derive mode using pre-parsed AST for module `\async_fifo'.
44.38. Analyzing design hierarchy..
44.39. Executing AST frontend in derive mode using pre-parsed AST for module `\rptr_empty'.
44.40. Executing AST frontend in derive mode using pre-parsed AST for module `\fifomem'.
44.41. Executing AST frontend in derive mode using pre-parsed AST for module `\wptr_full'.
44.42. Executing AST frontend in derive mode using pre-parsed AST for module `\sync_w2r'.
44.43. Executing AST frontend in derive mode using pre-parsed AST for module `\sync_r2w'.
44.44. Analyzing design hierarchy..
44.45. Analyzing design hierarchy..
45. Executing OPT_CLEAN pass (remove unused cells and wires).
Warning: Ignoring module $paramod\sync_w2r\ASIZE=s32'00000000000000000000000000000100 because it contains processes (run 'proc' command first).
Warning: Ignoring module $paramod\wptr_full\ADDRSIZE=s32'00000000000000000000000000000100 because it contains processes (run 'proc' command first).
Warning: Ignoring module $paramod$e269f8252ea757d0f9f3d7ac56e72bc29f7f8bb4\fifomem because it contains processes (run 'proc' command first).
Warning: Ignoring module $paramod\rptr_empty\ADDRSIZE=s32'00000000000000000000000000000100 because it contains processes (run 'proc' command first).
Warning: Ignoring module wrapper_dcfifo_128b_16_opensource because it contains processes (run 'proc' command first).
Warning: Ignoring module ptp_parser because it contains processes (run 'proc' command first).
Warning: Ignoring module minimac2_psync because it contains processes (run 'proc' command first).
Warning: Ignoring module rgs because it contains processes (run 'proc' command first).
Warning: Ignoring module rtc because it contains processes (run 'proc' command first).
Warning: Ignoring module tsu because it contains processes (run 'proc' command first).
Warning: Ignoring module picosoc_regs because it contains processes (run 'proc' command first).
Warning: Ignoring module picorv32_pcpi_fast_mul because it contains processes (run 'proc' command first).
Warning: Ignoring module picorv32_pcpi_div because it contains processes (run 'proc' command first).
Warning: Ignoring module $paramod\minimac2_ctlif\csr_addr=4'0000 because it contains processes (run 'proc' command first).
Warning: Ignoring module minimac2_sync because it contains processes (run 'proc' command first).
Warning: Ignoring module minimac2_memory because it contains processes (run 'proc' command first).
Warning: Ignoring module minimac2_tx because it contains processes (run 'proc' command first).
Warning: Ignoring module minimac2_rx because it contains processes (run 'proc' command first).
Warning: Ignoring module spimemio_xfer because it contains processes (run 'proc' command first).
Warning: Ignoring module wb_slv_wrapper because it contains processes (run 'proc' command first).
Warning: Ignoring module $paramod$000f3354a0fa632ef13ce5198f7573e6feed3aa9\picorv32 because it contains processes (run 'proc' command first).
Warning: Ignoring module picorv32_wb_adapter because it contains processes (run 'proc' command first).
Warning: Ignoring module spimemio because it contains processes (run 'proc' command first).
Warning: Ignoring module simpleuart because it contains processes (run 'proc' command first).
Warning: Ignoring module $paramod\picosoc_SoCBilbao_minimac2\MEM_WORDS=s32'00000000000000000000001000000000 because it contains processes (run 'proc' command first).
Warning: Ignoring module SoCBILBAO_top because it contains processes (run 'proc' command first).
Warning: Ignoring module $paramod\sync_r2w\ASIZE=s32'00000000000000000000000000000100 because it contains processes (run 'proc' command first).
46. Executing RTLIL backend.
Warnings: 34 unique messages, 34 total
End of script. Logfile hash: d08822b9ce, CPU: user 0.42s system 0.02s, MEM: 49.38 MB peak
Yosys 0.62 (git sha1 7326bb7d6641500ecb285c291a54a662cb1e76cf, clang++ 21.1.2 -fPIC -O3)
Time spent: 59% 1x hierarchy (0 sec), 18% 76x read_verilog (0 sec), ...
Elapsed time: 0:00.61[h:]min:sec. CPU time: user 0.58 sys 0.02 (99%). Peak memory: 52160KB.
