OpenROAD dcf36133a369abc8f3c5e5738cd4d82e4903c0e0 
Features included (+) or not (-): +GPU +GUI +Python
This program is licensed under the BSD-3 license. See the LICENSE file for details.
Components of this program may be licensed under more restrictive licenses which must be honored.
[INFO ORD-0030] Using 20 thread(s).
read_liberty /home/ubuntu/Documents/asictest/OpenROAD-flow-scripts/flow/platforms/ihp-sg13g2/lib/sg13g2_stdcell_typ_1p20V_25C.lib
read_liberty /home/ubuntu/Documents/asictest/OpenROAD-flow-scripts/flow/platforms/ihp-sg13g2/lib/sg13g2_io_typ_1p2V_3p3V_25C.lib
read_db ./results/ihp-sg13g2/picosoc_ihp/base/2_1_floorplan.odb
source /home/ubuntu/Documents/asictest/OpenROAD-flow-scripts/flow/platforms/ihp-sg13g2/setRC.tcl
source /home/ubuntu/Documents/asictest/OpenROAD-flow-scripts/flow/designs/ihp-sg13g2/picosoc_SoCBilbao/macro_placement.tcl
[WARNING MPL-0002] Could not align all pins of the macro picosoc_core.soc.minimac2core.memory.rxb0.sram_ihp to the track-grid. 7 out of 376 pins were aligned.
[INFO MPL-0035] Macro picosoc_core.soc.minimac2core.memory.rxb0.sram_ihp placed. Bounding box (450.020um, 600.000um), (1135.510um, 819.770um). Orientation R0
[WARNING MPL-0002] Could not align all pins of the macro picosoc_core.soc.minimac2core.memory.rxb1.sram_ihp to the track-grid. 7 out of 376 pins were aligned.
[INFO MPL-0035] Macro picosoc_core.soc.minimac2core.memory.rxb1.sram_ihp placed. Bounding box (450.020um, 1020.000um), (1135.510um, 1239.770um). Orientation R0
[WARNING MPL-0002] Could not align all pins of the macro picosoc_core.soc.minimac2core.memory.txb.sram_ihp to the track-grid. 7 out of 376 pins were aligned.
[INFO MPL-0035] Macro picosoc_core.soc.minimac2core.memory.txb.sram_ihp placed. Bounding box (450.020um, 1500.000um), (1135.510um, 1719.770um). Orientation R0
[WARNING MPL-0002] Could not align all pins of the macro picosoc_core.soc.memory.sram to the track-grid. 3 out of 188 pins were aligned.
[INFO MPL-0035] Macro picosoc_core.soc.memory.sram placed. Bounding box (1185.600um, 600.000um), (1602.240um, 791.340um). Orientation R0
[WARNING MPL-0002] Could not align all pins of the macro picosoc_core.soc.cpu.cpuregs.reg_sram to the track-grid. 4 out of 150 pins were aligned.
[INFO MPL-0035] Macro picosoc_core.soc.cpu.cpuregs.reg_sram placed. Bounding box (1185.860um, 1000.000um), (1888.690um, 1074.870um). Orientation R0
rtl_macro_placer -max_num_level 2 -halo_width 40 -halo_height 40 -min_ar 0.33 -area_weight 0.1 -wirelength_weight 100.0 -outline_weight 100.0 -boundary_weight 50.0 -notch_weight 10.0 -report_directory ./objects/ihp-sg13g2/picosoc_ihp/base/rtlmp -fence_lx 0.0 -fence_ly 0.0 -fence_ux 0.0 -fence_uy 0.0 -target_util 0.4
[INFO MPL-0062] Found fixed macro picosoc_core.soc.cpu.cpuregs.reg_sram.
[INFO MPL-0062] Found fixed macro picosoc_core.soc.memory.sram.
[INFO MPL-0062] Found fixed macro picosoc_core.soc.minimac2core.memory.rxb0.sram_ihp.
[INFO MPL-0062] Found fixed macro picosoc_core.soc.minimac2core.memory.rxb1.sram_ihp.
[INFO MPL-0062] Found fixed macro picosoc_core.soc.minimac2core.memory.txb.sram_ihp.
[INFO MPL-0017] No unfixed macros.
[INFO MPL-0013] Skipping macro placement.
write_db ./results/ihp-sg13g2/picosoc_ihp/base/2_2_floorplan_macro.odb
Elapsed time: 0:01.14[h:]min:sec. CPU time: user 1.02 sys 0.12 (100%). Peak memory: 209608KB.
Log                        Elapsed/s Peak Memory/MB  sha1sum .odb [0:20)
2_2_floorplan_macro                1            204 7f3273fcc53bffba7edf
