OpenROAD dcf36133a369abc8f3c5e5738cd4d82e4903c0e0 
Features included (+) or not (-): +GPU +GUI +Python
This program is licensed under the BSD-3 license. See the LICENSE file for details.
Components of this program may be licensed under more restrictive licenses which must be honored.
[INFO ORD-0030] Using 20 thread(s).
read_liberty /home/ubuntu/Documents/asictest/OpenROAD-flow-scripts/flow/platforms/ihp-sg13g2/lib/sg13g2_stdcell_typ_1p20V_25C.lib
read_liberty /home/ubuntu/Documents/asictest/OpenROAD-flow-scripts/flow/platforms/ihp-sg13g2/lib/sg13g2_io_typ_1p2V_3p3V_25C.lib
read_db ./results/ihp-sg13g2/picosoc_ihp/base/3_2_place_iop.odb
source /home/ubuntu/Documents/asictest/OpenROAD-flow-scripts/flow/platforms/ihp-sg13g2/setRC.tcl
[INFO RSZ-0026] Removed 30930 buffers.
Perform port buffering...
[INFO RSZ-0027] Inserted 0 sg13g2_buf_1 input buffers.
[INFO RSZ-0028] Inserted 0 sg13g2_buf_1 output buffers.
global_placement -density 0.4 -pad_left 0 -pad_right 0 -routability_driven -timing_driven
[INFO GPL-0001] ---- Initialize GPL Main Data Structures
[INFO GPL-0002] DBU: 1000
[INFO GPL-0003] SiteSize: (  0.480  3.780 ) um
[INFO GPL-0004] CoreBBox: ( 400.320 400.680 ) ( 2400.000 2396.520 ) um
[INFO GPL-0036] Movable instances area:     764294.227 um^2
[INFO GPL-0037] Total instances area:       1360930.637 um^2
[INFO GPL-0035] Pin density area adjust:     56396.966 um^2
[INFO GPL-0032] ---- Initialize Region: Top-level
[INFO GPL-0006] Number of instances:             43173
[INFO GPL-0007] Movable instances:               42672
[INFO GPL-0008] Fixed instances:                     5
[INFO GPL-0009] Dummy instances:                   496
[INFO GPL-0010] Number of nets:                  43006
[INFO GPL-0011] Number of pins:                 143473
[INFO GPL-0012] Die BBox:  (  0.000  0.000 ) ( 2800.000 2800.000 ) um
[INFO GPL-0013] Core BBox: ( 400.320 400.680 ) ( 2400.000 2396.520 ) um
[INFO GPL-0016] Core area:                  3991041.331 um^2
[INFO GPL-0014] Region name: top-level.
[INFO GPL-0015] Region area:                3991041.331 um^2
[INFO GPL-0017] Fixed instances area:       941978.419 um^2
[INFO GPL-0018] Movable instances area:     820691.193 um^2
[INFO GPL-0019] Utilization:                    26.916 %
[INFO GPL-0020] Standard cells area:        820691.193 um^2
[INFO GPL-0021] Large instances area:            0.000 um^2
[INFO GPL-0005] ---- Execute Conjugate Gradient Initial Placement.
[INFO GPL-0051] Source of initial instance position counters:
	Odb location = 42672	Core center = 0	Region center = 0
[InitialPlace]  Iter: 1 conjugate gradient residual: 0.00051527 HPWL: 3474987590
[InitialPlace]  Iter: 2 conjugate gradient residual: 0.00020964 HPWL: 2492489810
[InitialPlace]  Iter: 3 conjugate gradient residual: 0.00017016 HPWL: 2226939185
[InitialPlace]  Iter: 4 conjugate gradient residual: 0.00013600 HPWL: 2067042933
[InitialPlace]  Iter: 5 conjugate gradient residual: 0.00011476 HPWL: 1978874208
[InitialPlace]  Iter: 6 conjugate gradient residual: 0.00012262 HPWL: 1926590150
[InitialPlace]  Iter: 7 conjugate gradient residual: 0.00008564 HPWL: 1892841160
[InitialPlace]  Iter: 8 conjugate gradient residual: 0.00008659 HPWL: 1860332480
[InitialPlace]  Iter: 9 conjugate gradient residual: 0.00007257 HPWL: 1839682240
[InitialPlace]  Iter: 10 conjugate gradient residual: 0.00006397 HPWL: 1822935100
[InitialPlace]  Iter: 11 conjugate gradient residual: 0.00006123 HPWL: 1813524588
[InitialPlace]  Iter: 12 conjugate gradient residual: 0.00006787 HPWL: 1806054250
[InitialPlace]  Iter: 13 conjugate gradient residual: 0.00005233 HPWL: 1798427818
[InitialPlace]  Iter: 14 conjugate gradient residual: 0.00010188 HPWL: 1792522289
[InitialPlace]  Iter: 15 conjugate gradient residual: 0.00004308 HPWL: 1792420185
[InitialPlace]  Iter: 16 conjugate gradient residual: 0.00004588 HPWL: 1787914075
[InitialPlace]  Iter: 17 conjugate gradient residual: 0.00003994 HPWL: 1784796401
[InitialPlace]  Iter: 18 conjugate gradient residual: 0.00002653 HPWL: 1780528823
[InitialPlace]  Iter: 19 conjugate gradient residual: 0.00002039 HPWL: 1777449385
[InitialPlace]  Iter: 20 conjugate gradient residual: 0.00002741 HPWL: 1772707234
[INFO GPL-0033] ---- Initialize Nesterov Region: Top-level
[INFO GPL-0023] Placement target density:       0.4000
[INFO GPL-0024] Movable insts average area:     19.233 um^2
[INFO GPL-0025] Ideal bin area:                 48.081 um^2
[INFO GPL-0026] Ideal bin count:                 83005
[INFO GPL-0027] Total bin area:             3991041.331 um^2
[INFO GPL-0028] Bin count (X, Y):         256 ,    256
[INFO GPL-0029] Bin size (W * H):       7.811 *  7.796 um
[INFO GPL-0030] Number of bins:                  65536
[INFO GPL-0007] ---- Execute Nesterov Global Placement.
[INFO GPL-0031] HPWL: Half-Perimeter Wirelength
Iteration | Overflow |     HPWL (um) |  HPWL(%) |   Penalty | Group
---------------------------------------------------------------
        0 |   0.9940 |  4.987666e+05 |   +0.00% |  1.31e-16 |      
       10 |   0.9818 |  6.032614e+05 |  +20.95% |  2.10e-16 |      
       20 |   0.9781 |  6.441814e+05 |   +6.78% |  3.41e-16 |      
       30 |   0.9753 |  6.604103e+05 |   +2.52% |  5.54e-16 |      
       40 |   0.9734 |  6.645417e+05 |   +0.63% |  9.02e-16 |      
       50 |   0.9730 |  6.644072e+05 |   -0.02% |  1.47e-15 |      
       60 |   0.9731 |  6.624209e+05 |   -0.30% |  2.39e-15 |      
       70 |   0.9738 |  6.583173e+05 |   -0.62% |  3.90e-15 |      
       80 |   0.9745 |  6.533193e+05 |   -0.76% |  6.35e-15 |      
       90 |   0.9751 |  6.478994e+05 |   -0.83% |  1.03e-14 |      
      100 |   0.9756 |  6.416188e+05 |   -0.97% |  1.68e-14 |      
      110 |   0.9764 |  6.346088e+05 |   -1.09% |  2.74e-14 |      
      120 |   0.9777 |  6.276243e+05 |   -1.10% |  4.47e-14 |      
      130 |   0.9798 |  6.220438e+05 |   -0.89% |  7.28e-14 |      
      140 |   0.9813 |  6.192806e+05 |   -0.44% |  1.19e-13 |      
      150 |   0.9826 |  6.212693e+05 |   +0.32% |  1.93e-13 |      
      160 |   0.9838 |  6.304949e+05 |   +1.48% |  3.14e-13 |      
      170 |   0.9838 |  6.493929e+05 |   +3.00% |  5.11e-13 |      
      180 |   0.9830 |  6.794763e+05 |   +4.63% |  8.30e-13 |      
      190 |   0.9805 |  7.226992e+05 |   +6.36% |  1.35e-12 |      
      200 |   0.9730 |  7.816113e+05 |   +8.15% |  2.18e-12 |      
      210 |   0.9571 |  8.601381e+05 |  +10.05% |  3.52e-12 |      
      220 |   0.9360 |  9.676705e+05 |  +12.50% |  5.66e-12 |      
      230 |   0.9213 |  1.114275e+06 |  +15.15% |  9.09e-12 |      
      240 |   0.8964 |  1.262585e+06 |  +13.31% |  1.46e-11 |      
      250 |   0.8375 |  1.397604e+06 |  +10.69% |  2.34e-11 |      
      260 |   0.7937 |  1.493251e+06 |   +6.84% |  3.76e-11 |      
      270 |   0.7598 |  1.534614e+06 |   +2.77% |  6.10e-11 |      
      280 |   0.7275 |  1.584838e+06 |   +3.27% |  9.89e-11 |      
      290 |   0.6957 |  1.656213e+06 |   +4.50% |  1.60e-10 |      
      300 |   0.6585 |  1.735036e+06 |   +4.76% |  2.58e-10 |      
[INFO GPL-0100] Timing-driven iteration 1/2, virtual: false.
[INFO GPL-0101]    Iter: 309, overflow: 0.633, keep resizer changes at: 1, HPWL: 1739656260
Iteration |   Area    | Resized | Buffers | Nets repaired | Remaining
---------------------------------------------------------------------
        0 |     +0.0% |       0 |       0 |             0 |     43027
    final |     +3.1% |       0 |    5473 |           892 |         0
---------------------------------------------------------------------
[INFO RSZ-0034] Found 116 slew violations.
[INFO RSZ-0035] Found 869 fanout violations.
[INFO RSZ-0036] Found 14 capacitance violations.
[INFO RSZ-0037] Found 29 long wires.
[INFO RSZ-0038] Inserted 5473 buffers in 892 nets.
   Iter   |    Area   | Removed | Inserted |   Pins
          |           | Buffers | Buffers  | Remaining
-------------------------------------------------------
        0 |     +0.0% |       0 |        0 |     35842
     3500 |     -0.0% |     107 |       86 |     32342
     7000 |     -0.0% |     153 |      124 |     28842
    10500 |     -0.0% |     360 |      301 |     25342
    14000 |     -0.0% |     489 |      408 |     21842
    17500 |     -0.1% |     560 |      465 |     18342
    21000 |     -0.1% |    1327 |     1097 |     14842
    24500 |     -0.2% |    1531 |     1265 |     11342
    28000 |     -0.2% |    1982 |     1652 |      7842
    31500 |     -0.4% |    3752 |     3089 |      4342
    35000 |     -0.5% |    4372 |     3600 |       842
    final |     -0.6% |    5473 |     4513 |         0
-------------------------------------------------------
[INFO GPL-0106] Timing-driven: worst slack -3e-09
[INFO GPL-0107] Timing-driven: repair_design delta area: 32842.453 um^2 (+4.00%)
[INFO GPL-0108] Timing-driven: repair_design, gpl delta gcells: 4513 (+10.58%)
[INFO GPL-0109] Timing-driven: repair_design, gcells created: 9986, deleted: 5473
[INFO GPL-0110] Timing-driven: new target density: 0.41077134
Iteration | Overflow |     HPWL (um) |  HPWL(%) |   Penalty | Group
---------------------------------------------------------------
      310 |   0.6084 |  2.167444e+06 |  +24.92% |  3.99e-10 |      
[INFO GPL-0038] Routability snapshot saved at iter = 312
      311 |   0.5957 |  2.208206e+06 |          |           |      
      320 |   0.5906 |  2.207368e+06 |   +1.84% |  6.43e-10 |      
      330 |   0.5413 |  2.218522e+06 |   +0.51% |  1.04e-09 |      
      340 |   0.5029 |  2.170083e+06 |   -2.18% |  1.69e-09 |      
      350 |   0.4682 |  2.187847e+06 |   +0.82% |  2.75e-09 |      
      360 |   0.4329 |  2.173957e+06 |   -0.63% |  4.47e-09 |      
      370 |   0.3974 |  2.162882e+06 |   -0.51% |  7.26e-09 |      
      380 |   0.3600 |  2.155189e+06 |   -0.36% |  1.18e-08 |      
      390 |   0.3272 |  2.138864e+06 |   -0.76% |  1.83e-08 |      
[INFO GPL-0040] Routability iteration: 1
[WARNING GRT-0281] Net clock has a large fanout of 2996 terminals.
[INFO GPL-0041] Total routing overflow: 545.8301
[INFO GPL-0042] Number of overflowed tiles: 12531 (6.36%)
[INFO GPL-0043] Average top 0.5% routing congestion: 1.1463
[INFO GPL-0044] Average top 1.0% routing congestion: 1.1235
[INFO GPL-0045] Average top 2.0% routing congestion: 1.0980
[INFO GPL-0046] Average top 5.0% routing congestion: 1.0549
[INFO GPL-0047] Routability iteration weighted routing congestion: 1.1349
[INFO GPL-0048] Routing congestion (1.1349) lower than previous minimum (1e+30). Updating minimum.
[INFO GPL-0051] Inflated area:                1340.781 um^2 (+0.16%)
[INFO GPL-0052] Placement target density:       0.4108
[INFO GPL-0076] Removing fillers, count: Before: 20819, After: 20750 (-0.33%)
[INFO GPL-0077] Filler area (um^2)     : Before: 398934.029, After: 397602.951 (-0.33%)
[INFO GPL-0078] Removed fillers count: 69, area removed: 1322.150 um^2. Remaining area to be compensated by modifying density: 18.632 um^2
[INFO GPL-0058] White space area:           3049062.912 um^2 (+0.00%)
[INFO GPL-0059] Movable instances area:     1252467.671 um^2 (+0.00%)
[INFO GPL-0060] Total filler area:          397602.951 um^2 (-0.33%)
[INFO GPL-0061] Total non-inflated area:    1252477.380 um^2 (+0.00%)
[INFO GPL-0062] Total inflated area:        1253818.161 um^2 (+0.00%)
[INFO GPL-0063] New Target Density:             0.4108
[INFO GPL-0087] Routability end iteration: increase inflation and revert back to snapshot.
Iteration | Overflow |     HPWL (um) |  HPWL(%) |   Penalty | Group
---------------------------------------------------------------
      400 |   0.5915 |  2.203888e+06 |   +3.04% |  4.38e-10 |      
      410 |   0.5877 |  2.203853e+06 |   -0.00% |  6.37e-10 |      
      420 |   0.5498 |  2.180081e+06 |   -1.08% |  9.35e-10 |      
      430 |   0.5214 |  2.127004e+06 |   -2.43% |  1.38e-09 |      
      440 |   0.4897 |  2.147594e+06 |   +0.97% |  2.02e-09 |      
      450 |   0.4647 |  2.125841e+06 |   -1.01% |  2.98e-09 |      
      460 |   0.4350 |  2.125578e+06 |   -0.01% |  4.38e-09 |      
      470 |   0.4049 |  2.109828e+06 |   -0.74% |  6.45e-09 |      
      480 |   0.3767 |  2.105775e+06 |   -0.19% |  9.49e-09 |      
      490 |   0.3464 |  2.100636e+06 |   -0.24% |  1.40e-08 |      
      500 |   0.3152 |  2.095441e+06 |   -0.25% |  2.06e-08 |      
[INFO GPL-0040] Routability iteration: 2
[INFO GPL-0041] Total routing overflow: 511.2749
[INFO GPL-0042] Number of overflowed tiles: 12553 (6.37%)
[INFO GPL-0043] Average top 0.5% routing congestion: 1.1412
[INFO GPL-0044] Average top 1.0% routing congestion: 1.1156
[INFO GPL-0045] Average top 2.0% routing congestion: 1.0919
[INFO GPL-0046] Average top 5.0% routing congestion: 1.0514
[INFO GPL-0047] Routability iteration weighted routing congestion: 1.1284
[INFO GPL-0048] Routing congestion (1.1284) lower than previous minimum (1.135). Updating minimum.
[INFO GPL-0051] Inflated area:                1236.512 um^2 (+0.14%)
[INFO GPL-0052] Placement target density:       0.4108
[INFO GPL-0076] Removing fillers, count: Before: 20750, After: 20686 (-0.31%)
[INFO GPL-0077] Filler area (um^2)     : Before: 397602.951, After: 396376.609 (-0.31%)
[INFO GPL-0078] Removed fillers count: 64, area removed: 1226.342 um^2. Remaining area to be compensated by modifying density: 10.170 um^2
[INFO GPL-0058] White space area:           3049062.912 um^2 (+0.00%)
[INFO GPL-0059] Movable instances area:     1252467.671 um^2 (+0.00%)
[INFO GPL-0060] Total filler area:          396376.609 um^2 (-0.31%)
[INFO GPL-0061] Total non-inflated area:    1252487.550 um^2 (+0.00%)
[INFO GPL-0062] Total inflated area:        1253724.062 um^2 (+0.00%)
[INFO GPL-0063] New Target Density:             0.4108
[INFO GPL-0087] Routability end iteration: increase inflation and revert back to snapshot.
Iteration | Overflow |     HPWL (um) |  HPWL(%) |   Penalty | Group
---------------------------------------------------------------
      510 |   0.5991 |  2.188761e+06 |   +4.45% |  5.05e-10 |      
      520 |   0.5690 |  2.210618e+06 |   +1.00% |  7.40e-10 |      
      530 |   0.5385 |  2.147901e+06 |   -2.84% |  1.09e-09 |      
      540 |   0.5133 |  2.124693e+06 |   -1.08% |  1.60e-09 |      
      550 |   0.4793 |  2.139281e+06 |   +0.69% |  2.35e-09 |      
      560 |   0.4506 |  2.129500e+06 |   -0.46% |  3.46e-09 |      
      570 |   0.4241 |  2.117961e+06 |   -0.54% |  5.10e-09 |      
      580 |   0.3945 |  2.110153e+06 |   -0.37% |  7.51e-09 |      
      590 |   0.3645 |  2.105002e+06 |   -0.24% |  1.11e-08 |      
      600 |   0.3340 |  2.098624e+06 |   -0.30% |  1.63e-08 |      
      610 |   0.3025 |  2.096673e+06 |   -0.09% |  2.40e-08 |      
[INFO GPL-0040] Routability iteration: 3
[INFO GPL-0041] Total routing overflow: 511.6391
[INFO GPL-0042] Number of overflowed tiles: 12550 (6.37%)
[INFO GPL-0043] Average top 0.5% routing congestion: 1.1386
[INFO GPL-0044] Average top 1.0% routing congestion: 1.1145
[INFO GPL-0045] Average top 2.0% routing congestion: 1.0910
[INFO GPL-0046] Average top 5.0% routing congestion: 1.0515
[INFO GPL-0047] Routability iteration weighted routing congestion: 1.1265
[INFO GPL-0048] Routing congestion (1.1265) lower than previous minimum (1.128). Updating minimum.
[INFO GPL-0051] Inflated area:                 905.051 um^2 (+0.11%)
[INFO GPL-0052] Placement target density:       0.4108
[INFO GPL-0076] Removing fillers, count: Before: 20686, After: 20639 (-0.23%)
[INFO GPL-0077] Filler area (um^2)     : Before: 396376.609, After: 395476.015 (-0.23%)
[INFO GPL-0078] Removed fillers count: 47, area removed: 900.595 um^2. Remaining area to be compensated by modifying density: 4.457 um^2
[INFO GPL-0058] White space area:           3049062.912 um^2 (+0.00%)
[INFO GPL-0059] Movable instances area:     1252467.671 um^2 (+0.00%)
[INFO GPL-0060] Total filler area:          395476.015 um^2 (-0.23%)
[INFO GPL-0061] Total non-inflated area:    1252492.007 um^2 (+0.00%)
[INFO GPL-0062] Total inflated area:        1253397.058 um^2 (+0.00%)
[INFO GPL-0063] New Target Density:             0.4108
[INFO GPL-0087] Routability end iteration: increase inflation and revert back to snapshot.
Iteration | Overflow |     HPWL (um) |  HPWL(%) |   Penalty | Group
---------------------------------------------------------------
      620 |   0.5953 |  2.199441e+06 |   +4.90% |  5.89e-10 |      
      630 |   0.5559 |  2.196970e+06 |   -0.11% |  8.63e-10 |      
      640 |   0.5253 |  2.134881e+06 |   -2.83% |  1.27e-09 |      
      650 |   0.4980 |  2.140726e+06 |   +0.27% |  1.87e-09 |      
      660 |   0.4698 |  2.130522e+06 |   -0.48% |  2.75e-09 |      
      670 |   0.4388 |  2.131160e+06 |   +0.03% |  4.04e-09 |      
      680 |   0.4120 |  2.111973e+06 |   -0.90% |  5.95e-09 |      
      690 |   0.3837 |  2.107770e+06 |   -0.20% |  8.76e-09 |      
      700 |   0.3524 |  2.101160e+06 |   -0.31% |  1.29e-08 |      
      710 |   0.3214 |  2.098099e+06 |   -0.15% |  1.90e-08 |      
[INFO GPL-0040] Routability iteration: 4
[INFO GPL-0041] Total routing overflow: 507.0839
[INFO GPL-0042] Number of overflowed tiles: 12582 (6.38%)
[INFO GPL-0043] Average top 0.5% routing congestion: 1.1362
[INFO GPL-0044] Average top 1.0% routing congestion: 1.1125
[INFO GPL-0045] Average top 2.0% routing congestion: 1.0897
[INFO GPL-0046] Average top 5.0% routing congestion: 1.0510
[INFO GPL-0047] Routability iteration weighted routing congestion: 1.1243
[INFO GPL-0048] Routing congestion (1.1243) lower than previous minimum (1.127). Updating minimum.
[INFO GPL-0051] Inflated area:                 733.616 um^2 (+0.09%)
[INFO GPL-0052] Placement target density:       0.4108
[INFO GPL-0076] Removing fillers, count: Before: 20639, After: 20601 (-0.18%)
[INFO GPL-0077] Filler area (um^2)     : Before: 395476.015, After: 394747.874 (-0.18%)
[INFO GPL-0078] Removed fillers count: 38, area removed: 728.140 um^2. Remaining area to be compensated by modifying density: 5.476 um^2
[INFO GPL-0058] White space area:           3049062.912 um^2 (+0.00%)
[INFO GPL-0059] Movable instances area:     1252467.671 um^2 (+0.00%)
[INFO GPL-0060] Total filler area:          394747.874 um^2 (-0.18%)
[INFO GPL-0061] Total non-inflated area:    1252497.482 um^2 (+0.00%)
[INFO GPL-0062] Total inflated area:        1253231.098 um^2 (+0.00%)
[INFO GPL-0063] New Target Density:             0.4108
[INFO GPL-0087] Routability end iteration: increase inflation and revert back to snapshot.
Iteration | Overflow |     HPWL (um) |  HPWL(%) |   Penalty | Group
---------------------------------------------------------------
      720 |   0.5937 |  2.223100e+06 |   +5.96% |  4.69e-10 |      
      730 |   0.5789 |  2.209076e+06 |   -0.63% |  6.86e-10 |      
      740 |   0.5442 |  2.168030e+06 |   -1.86% |  1.01e-09 |      
      750 |   0.5195 |  2.123745e+06 |   -2.04% |  1.48e-09 |      
      760 |   0.4830 |  2.147511e+06 |   +1.12% |  2.18e-09 |      
      770 |   0.4571 |  2.129054e+06 |   -0.86% |  3.21e-09 |      
      780 |   0.4313 |  2.121716e+06 |   -0.34% |  4.72e-09 |      
      790 |   0.4003 |  2.114277e+06 |   -0.35% |  6.95e-09 |      
      800 |   0.3714 |  2.106690e+06 |   -0.36% |  1.02e-08 |      
      810 |   0.3403 |  2.100238e+06 |   -0.31% |  1.51e-08 |      
      820 |   0.3095 |  2.098425e+06 |   -0.09% |  2.22e-08 |      
[INFO GPL-0040] Routability iteration: 5
[INFO GPL-0041] Total routing overflow: 497.5555
[INFO GPL-0042] Number of overflowed tiles: 12581 (6.38%)
[INFO GPL-0043] Average top 0.5% routing congestion: 1.1283
[INFO GPL-0044] Average top 1.0% routing congestion: 1.1079
[INFO GPL-0045] Average top 2.0% routing congestion: 1.0872
[INFO GPL-0046] Average top 5.0% routing congestion: 1.0500
[INFO GPL-0047] Routability iteration weighted routing congestion: 1.1181
[INFO GPL-0048] Routing congestion (1.1181) lower than previous minimum (1.124). Updating minimum.
[INFO GPL-0051] Inflated area:                 617.515 um^2 (+0.07%)
[INFO GPL-0052] Placement target density:       0.4108
[INFO GPL-0076] Removing fillers, count: Before: 20601, After: 20569 (-0.16%)
[INFO GPL-0077] Filler area (um^2)     : Before: 394747.874, After: 394134.704 (-0.16%)
[INFO GPL-0078] Removed fillers count: 32, area removed: 613.171 um^2. Remaining area to be compensated by modifying density: 4.344 um^2
[INFO GPL-0058] White space area:           3049062.912 um^2 (+0.00%)
[INFO GPL-0059] Movable instances area:     1252467.671 um^2 (+0.00%)
[INFO GPL-0060] Total filler area:          394134.704 um^2 (-0.16%)
[INFO GPL-0061] Total non-inflated area:    1252501.826 um^2 (+0.00%)
[INFO GPL-0062] Total inflated area:        1253119.341 um^2 (+0.00%)
[INFO GPL-0063] New Target Density:             0.4108
[INFO GPL-0087] Routability end iteration: increase inflation and revert back to snapshot.
Iteration | Overflow |     HPWL (um) |  HPWL(%) |   Penalty | Group
---------------------------------------------------------------
      830 |   0.6015 |  2.176108e+06 |   +3.70% |  5.46e-10 |      
      840 |   0.5618 |  2.211665e+06 |   +1.63% |  8.00e-10 |      
      850 |   0.5328 |  2.138768e+06 |   -3.30% |  1.18e-09 |      
      860 |   0.5073 |  2.137949e+06 |   -0.04% |  1.73e-09 |      
      870 |   0.4747 |  2.136878e+06 |   -0.05% |  2.54e-09 |      
      880 |   0.4444 |  2.132170e+06 |   -0.22% |  3.74e-09 |      
      890 |   0.4192 |  2.117664e+06 |   -0.68% |  5.51e-09 |      
      900 |   0.3909 |  2.112722e+06 |   -0.23% |  8.11e-09 |      
      910 |   0.3582 |  2.105458e+06 |   -0.34% |  1.19e-08 |      
      920 |   0.3279 |  2.099762e+06 |   -0.27% |  1.76e-08 |      
[INFO GPL-0040] Routability iteration: 6
[INFO GPL-0041] Total routing overflow: 493.7580
[INFO GPL-0042] Number of overflowed tiles: 12587 (6.38%)
[INFO GPL-0043] Average top 0.5% routing congestion: 1.1257
[INFO GPL-0044] Average top 1.0% routing congestion: 1.1059
[INFO GPL-0045] Average top 2.0% routing congestion: 1.0862
[INFO GPL-0046] Average top 5.0% routing congestion: 1.0496
[INFO GPL-0047] Routability iteration weighted routing congestion: 1.1158
[INFO GPL-0048] Routing congestion (1.1158) lower than previous minimum (1.118). Updating minimum.
[INFO GPL-0051] Inflated area:                 692.330 um^2 (+0.08%)
[INFO GPL-0052] Placement target density:       0.4108
[INFO GPL-0076] Removing fillers, count: Before: 20569, After: 20533 (-0.18%)
[INFO GPL-0077] Filler area (um^2)     : Before: 394134.704, After: 393444.886 (-0.18%)
[INFO GPL-0078] Removed fillers count: 36, area removed: 689.817 um^2. Remaining area to be compensated by modifying density: 2.513 um^2
[INFO GPL-0058] White space area:           3049062.912 um^2 (+0.00%)
[INFO GPL-0059] Movable instances area:     1252467.671 um^2 (+0.00%)
[INFO GPL-0060] Total filler area:          393444.886 um^2 (-0.18%)
[INFO GPL-0061] Total non-inflated area:    1252504.339 um^2 (+0.00%)
[INFO GPL-0062] Total inflated area:        1253196.669 um^2 (+0.00%)
[INFO GPL-0063] New Target Density:             0.4108
[INFO GPL-0087] Routability end iteration: increase inflation and revert back to snapshot.
Iteration | Overflow |     HPWL (um) |  HPWL(%) |   Penalty | Group
---------------------------------------------------------------
      930 |   0.5933 |  2.203212e+06 |   +4.93% |  4.38e-10 |      
      940 |   0.5882 |  2.208854e+06 |   +0.26% |  6.36e-10 |      
      950 |   0.5504 |  2.186526e+06 |   -1.01% |  9.33e-10 |      
      960 |   0.5218 |  2.131830e+06 |   -2.50% |  1.37e-09 |      
      970 |   0.4892 |  2.152203e+06 |   +0.96% |  2.02e-09 |      
      980 |   0.4633 |  2.129366e+06 |   -1.06% |  2.97e-09 |      
      990 |   0.4366 |  2.128441e+06 |   -0.04% |  4.37e-09 |      
     1000 |   0.4044 |  2.115777e+06 |   -0.59% |  6.43e-09 |      
     1010 |   0.3775 |  2.109324e+06 |   -0.31% |  9.47e-09 |      
     1020 |   0.3480 |  2.103299e+06 |   -0.29% |  1.40e-08 |      
     1030 |   0.3163 |  2.099955e+06 |   -0.16% |  2.05e-08 |      
[INFO GPL-0040] Routability iteration: 7
[INFO GPL-0041] Total routing overflow: 496.3249
[INFO GPL-0042] Number of overflowed tiles: 12580 (6.38%)
[INFO GPL-0043] Average top 0.5% routing congestion: 1.1266
[INFO GPL-0044] Average top 1.0% routing congestion: 1.1074
[INFO GPL-0045] Average top 2.0% routing congestion: 1.0874
[INFO GPL-0046] Average top 5.0% routing congestion: 1.0499
[INFO GPL-0047] Routability iteration weighted routing congestion: 1.1170
[INFO GPL-0049] Routing congestion (1.1170) higher than minimum (1.1158). Consecutive non-improvement count: 1.
[INFO GPL-0051] Inflated area:                 537.844 um^2 (+0.06%)
[INFO GPL-0052] Placement target density:       0.4108
[INFO GPL-0076] Removing fillers, count: Before: 20533, After: 20505 (-0.14%)
[INFO GPL-0077] Filler area (um^2)     : Before: 393444.886, After: 392908.362 (-0.14%)
[INFO GPL-0078] Removed fillers count: 28, area removed: 536.524 um^2. Remaining area to be compensated by modifying density: 1.320 um^2
[INFO GPL-0058] White space area:           3049062.912 um^2 (+0.00%)
[INFO GPL-0059] Movable instances area:     1252467.671 um^2 (+0.00%)
[INFO GPL-0060] Total filler area:          392908.362 um^2 (-0.14%)
[INFO GPL-0061] Total non-inflated area:    1252505.659 um^2 (+0.00%)
[INFO GPL-0062] Total inflated area:        1253043.504 um^2 (+0.00%)
[INFO GPL-0063] New Target Density:             0.4108
[INFO GPL-0087] Routability end iteration: increase inflation and revert back to snapshot.
Iteration | Overflow |     HPWL (um) |  HPWL(%) |   Penalty | Group
---------------------------------------------------------------
     1040 |   0.5999 |  2.190888e+06 |   +4.33% |  5.06e-10 |      
     1050 |   0.5685 |  2.217779e+06 |   +1.23% |  7.41e-10 |      
     1060 |   0.5392 |  2.151279e+06 |   -3.00% |  1.09e-09 |      
     1070 |   0.5133 |  2.127633e+06 |   -1.10% |  1.60e-09 |      
     1080 |   0.4781 |  2.144172e+06 |   +0.78% |  2.35e-09 |      
     1090 |   0.4508 |  2.133610e+06 |   -0.49% |  3.46e-09 |      
     1100 |   0.4264 |  2.121158e+06 |   -0.58% |  5.10e-09 |      
     1110 |   0.3972 |  2.112702e+06 |   -0.40% |  7.51e-09 |      
     1120 |   0.3666 |  2.106252e+06 |   -0.31% |  1.11e-08 |      
     1130 |   0.3343 |  2.102267e+06 |   -0.19% |  1.63e-08 |      
     1140 |   0.3039 |  2.099369e+06 |   -0.14% |  2.40e-08 |      
[INFO GPL-0040] Routability iteration: 8
[INFO GPL-0041] Total routing overflow: 490.0322
[INFO GPL-0042] Number of overflowed tiles: 12541 (6.36%)
[INFO GPL-0043] Average top 0.5% routing congestion: 1.1155
[INFO GPL-0044] Average top 1.0% routing congestion: 1.1019
[INFO GPL-0045] Average top 2.0% routing congestion: 1.0854
[INFO GPL-0046] Average top 5.0% routing congestion: 1.0493
[INFO GPL-0047] Routability iteration weighted routing congestion: 1.1087
[INFO GPL-0048] Routing congestion (1.1087) lower than previous minimum (1.116). Updating minimum.
[INFO GPL-0051] Inflated area:                 488.040 um^2 (+0.06%)
[INFO GPL-0052] Placement target density:       0.4108
[INFO GPL-0076] Removing fillers, count: Before: 20505, After: 20480 (-0.12%)
[INFO GPL-0077] Filler area (um^2)     : Before: 392908.362, After: 392429.322 (-0.12%)
[INFO GPL-0078] Removed fillers count: 25, area removed: 479.040 um^2. Remaining area to be compensated by modifying density: 9.001 um^2
[INFO GPL-0058] White space area:           3049062.912 um^2 (+0.00%)
[INFO GPL-0059] Movable instances area:     1252467.671 um^2 (+0.00%)
[INFO GPL-0060] Total filler area:          392429.322 um^2 (-0.12%)
[INFO GPL-0061] Total non-inflated area:    1252514.660 um^2 (+0.00%)
[INFO GPL-0062] Total inflated area:        1253002.700 um^2 (+0.00%)
[INFO GPL-0063] New Target Density:             0.4108
[INFO GPL-0087] Routability end iteration: increase inflation and revert back to snapshot.
Iteration | Overflow |     HPWL (um) |  HPWL(%) |   Penalty | Group
---------------------------------------------------------------
     1150 |   0.6016 |  2.180333e+06 |   +3.86% |  5.67e-10 |      
     1160 |   0.5580 |  2.204402e+06 |   +1.10% |  8.31e-10 |      
     1170 |   0.5287 |  2.131733e+06 |   -3.30% |  1.22e-09 |      
     1180 |   0.5039 |  2.133901e+06 |   +0.10% |  1.80e-09 |      
     1190 |   0.4722 |  2.131300e+06 |   -0.12% |  2.64e-09 |      
     1200 |   0.4406 |  2.131175e+06 |   -0.01% |  3.89e-09 |      
     1210 |   0.4160 |  2.114661e+06 |   -0.77% |  5.73e-09 |      
     1220 |   0.3885 |  2.110930e+06 |   -0.18% |  8.43e-09 |      
     1230 |   0.3569 |  2.104764e+06 |   -0.29% |  1.24e-08 |      
     1240 |   0.3255 |  2.102089e+06 |   -0.13% |  1.83e-08 |      
[INFO GPL-0040] Routability iteration: 9
[INFO GPL-0041] Total routing overflow: 492.9118
[INFO GPL-0042] Number of overflowed tiles: 12583 (6.38%)
[INFO GPL-0043] Average top 0.5% routing congestion: 1.1196
[INFO GPL-0044] Average top 1.0% routing congestion: 1.1041
[INFO GPL-0045] Average top 2.0% routing congestion: 1.0865
[INFO GPL-0046] Average top 5.0% routing congestion: 1.0496
[INFO GPL-0047] Routability iteration weighted routing congestion: 1.1119
[INFO GPL-0049] Routing congestion (1.1119) higher than minimum (1.1087). Consecutive non-improvement count: 1.
[INFO GPL-0051] Inflated area:                 512.769 um^2 (+0.06%)
[INFO GPL-0052] Placement target density:       0.4108
[INFO GPL-0076] Removing fillers, count: Before: 20480, After: 20454 (-0.13%)
[INFO GPL-0077] Filler area (um^2)     : Before: 392429.322, After: 391931.121 (-0.13%)
[INFO GPL-0078] Removed fillers count: 26, area removed: 498.201 um^2. Remaining area to be compensated by modifying density: 14.568 um^2
[INFO GPL-0058] White space area:           3049062.912 um^2 (+0.00%)
[INFO GPL-0059] Movable instances area:     1252467.671 um^2 (+0.00%)
[INFO GPL-0060] Total filler area:          391931.121 um^2 (-0.13%)
[INFO GPL-0061] Total non-inflated area:    1252529.228 um^2 (+0.00%)
[INFO GPL-0062] Total inflated area:        1253041.997 um^2 (+0.00%)
[INFO GPL-0063] New Target Density:             0.4108
[INFO GPL-0087] Routability end iteration: increase inflation and revert back to snapshot.
Iteration | Overflow |     HPWL (um) |  HPWL(%) |   Penalty | Group
---------------------------------------------------------------
     1250 |   0.5938 |  2.203001e+06 |   +4.80% |  4.38e-10 |      
     1260 |   0.5882 |  2.210333e+06 |   +0.33% |  6.36e-10 |      
     1270 |   0.5503 |  2.188743e+06 |   -0.98% |  9.33e-10 |      
     1280 |   0.5217 |  2.134232e+06 |   -2.49% |  1.37e-09 |      
     1290 |   0.4893 |  2.153559e+06 |   +0.91% |  2.02e-09 |      
     1300 |   0.4630 |  2.132098e+06 |   -1.00% |  2.97e-09 |      
     1310 |   0.4366 |  2.129564e+06 |   -0.12% |  4.37e-09 |      
     1320 |   0.4055 |  2.116633e+06 |   -0.61% |  6.43e-09 |      
     1330 |   0.3787 |  2.108861e+06 |   -0.37% |  9.47e-09 |      
     1340 |   0.3478 |  2.104686e+06 |   -0.20% |  1.40e-08 |      
     1350 |   0.3172 |  2.103535e+06 |   -0.05% |  2.05e-08 |      
[INFO GPL-0040] Routability iteration: 10
[INFO GPL-0041] Total routing overflow: 489.5963
[INFO GPL-0042] Number of overflowed tiles: 12579 (6.38%)
[INFO GPL-0043] Average top 0.5% routing congestion: 1.1168
[INFO GPL-0044] Average top 1.0% routing congestion: 1.1022
[INFO GPL-0045] Average top 2.0% routing congestion: 1.0850
[INFO GPL-0046] Average top 5.0% routing congestion: 1.0492
[INFO GPL-0047] Routability iteration weighted routing congestion: 1.1095
[INFO GPL-0049] Routing congestion (1.1095) higher than minimum (1.1087). Consecutive non-improvement count: 2.
[INFO GPL-0051] Inflated area:                 434.409 um^2 (+0.05%)
[INFO GPL-0052] Placement target density:       0.4108
[INFO GPL-0076] Removing fillers, count: Before: 20454, After: 20432 (-0.11%)
[INFO GPL-0077] Filler area (um^2)     : Before: 391931.121, After: 391509.566 (-0.11%)
[INFO GPL-0078] Removed fillers count: 22, area removed: 421.555 um^2. Remaining area to be compensated by modifying density: 12.854 um^2
[INFO GPL-0058] White space area:           3049062.912 um^2 (+0.00%)
[INFO GPL-0059] Movable instances area:     1252467.671 um^2 (+0.00%)
[INFO GPL-0060] Total filler area:          391509.566 um^2 (-0.11%)
[INFO GPL-0061] Total non-inflated area:    1252542.082 um^2 (+0.00%)
[INFO GPL-0062] Total inflated area:        1252976.492 um^2 (+0.00%)
[INFO GPL-0063] New Target Density:             0.4108
[INFO GPL-0087] Routability end iteration: increase inflation and revert back to snapshot.
Iteration | Overflow |     HPWL (um) |  HPWL(%) |   Penalty | Group
---------------------------------------------------------------
     1360 |   0.6001 |  2.191997e+06 |   +4.21% |  5.06e-10 |      
     1370 |   0.5685 |  2.219525e+06 |   +1.26% |  7.41e-10 |      
     1380 |   0.5387 |  2.155886e+06 |   -2.87% |  1.09e-09 |      
     1390 |   0.5133 |  2.130103e+06 |   -1.20% |  1.60e-09 |      
     1400 |   0.4786 |  2.145340e+06 |   +0.72% |  2.35e-09 |      
     1410 |   0.4509 |  2.134968e+06 |   -0.48% |  3.46e-09 |      
     1420 |   0.4267 |  2.123002e+06 |   -0.56% |  5.10e-09 |      
     1430 |   0.3974 |  2.114459e+06 |   -0.40% |  7.51e-09 |      
     1440 |   0.3664 |  2.109551e+06 |   -0.23% |  1.11e-08 |      
     1450 |   0.3343 |  2.105836e+06 |   -0.18% |  1.63e-08 |      
     1460 |   0.3025 |  2.103415e+06 |   -0.11% |  2.40e-08 |      
[INFO GPL-0040] Routability iteration: 11
[INFO GPL-0041] Total routing overflow: 489.1145
[INFO GPL-0042] Number of overflowed tiles: 12592 (6.39%)
[INFO GPL-0043] Average top 0.5% routing congestion: 1.1197
[INFO GPL-0044] Average top 1.0% routing congestion: 1.1024
[INFO GPL-0045] Average top 2.0% routing congestion: 1.0845
[INFO GPL-0046] Average top 5.0% routing congestion: 1.0492
[INFO GPL-0047] Routability iteration weighted routing congestion: 1.1110
[INFO GPL-0049] Routing congestion (1.1110) higher than minimum (1.1087). Consecutive non-improvement count: 3.
[INFO GPL-0051] Inflated area:                 374.246 um^2 (+0.04%)
[INFO GPL-0052] Placement target density:       0.4108
[INFO GPL-0076] Removing fillers, count: Before: 20432, After: 20413 (-0.09%)
[INFO GPL-0077] Filler area (um^2)     : Before: 391509.566, After: 391145.496 (-0.09%)
[INFO GPL-0078] Removed fillers count: 19, area removed: 364.070 um^2. Remaining area to be compensated by modifying density: 10.176 um^2
[INFO GPL-0054] No improvement in routing congestion for 3 consecutive iterations (limit is 3).
[INFO GPL-0055] Reverting inflation values and target density from the iteration with minimum observed routing congestion.
[INFO GPL-0056] Minimum observed routing congestion: 1.1087
[INFO GPL-0057] Target density at minimum routing congestion: 0.4108
[INFO GPL-0080] Restoring 92 previously removed fillers.
[INFO GPL-0081] Number of fillers before restoration 20413 and after 20505 . Relative change: +0.45%%
[INFO GPL-0082] Total filler area before restoration 391145.50 and after 392908.36 (um^2). Relative change: +0.45%%
[INFO GPL-0089] Routability finished. Reverting to minimal observed routing congestion, could not reach target.
Iteration | Overflow |     HPWL (um) |  HPWL(%) |   Penalty | Group
---------------------------------------------------------------
     1470 |   0.5951 |  2.201255e+06 |   +4.65% |  5.90e-10 |      
     1480 |   0.5557 |  2.200811e+06 |   -0.02% |  8.64e-10 |      
     1490 |   0.5250 |  2.134140e+06 |   -3.03% |  1.27e-09 |      
     1500 |   0.4979 |  2.142732e+06 |   +0.40% |  1.87e-09 |      
     1510 |   0.4698 |  2.132495e+06 |   -0.48% |  2.75e-09 |      
     1520 |   0.4395 |  2.132777e+06 |   +0.01% |  4.04e-09 |      
     1530 |   0.4126 |  2.114688e+06 |   -0.85% |  5.95e-09 |      
     1540 |   0.3845 |  2.109623e+06 |   -0.24% |  8.77e-09 |      
     1550 |   0.3534 |  2.104747e+06 |   -0.23% |  1.29e-08 |      
     1560 |   0.3217 |  2.101317e+06 |   -0.16% |  1.90e-08 |      
     1570 |   0.2912 |  2.100120e+06 |   -0.06% |  2.80e-08 |      
     1580 |   0.2603 |  2.098555e+06 |   -0.07% |  4.13e-08 |      
     1590 |   0.2310 |  2.099243e+06 |   +0.03% |  6.08e-08 |      
     1600 |   0.2008 |  2.103859e+06 |   +0.22% |  8.95e-08 |      
[INFO GPL-0100] Timing-driven iteration 2/2, virtual: false.
[INFO GPL-0101]    Iter: 1604, overflow: 0.193, keep resizer changes at: 1, HPWL: 2103924033
Iteration |   Area    | Resized | Buffers | Nets repaired | Remaining
---------------------------------------------------------------------
        0 |     +0.0% |       0 |       0 |             0 |     47540
    final |     +0.1% |       0 |      42 |            40 |         0
---------------------------------------------------------------------
[INFO RSZ-0036] Found 10 capacitance violations.
[INFO RSZ-0037] Found 33 long wires.
[INFO RSZ-0038] Inserted 42 buffers in 40 nets.
   Iter   |    Area   | Removed | Inserted |   Pins
          |           | Buffers | Buffers  | Remaining
-------------------------------------------------------
        0 |     +0.0% |       0 |        0 |     35842
     3500 |     +0.0% |      86 |       87 |     32342
     7000 |     +0.0% |     124 |      130 |     28842
    10500 |     +0.0% |     301 |      312 |     25342
    14000 |     +0.0% |     409 |      420 |     21842
    17500 |     +0.0% |     464 |      474 |     18342
    21000 |     +0.0% |    1160 |     1174 |     14842
    24500 |     +0.0% |    1397 |     1411 |     11342
    28000 |     +0.0% |    1620 |     1637 |      7842
    31500 |     -0.0% |    2029 |     2034 |      4342
    35000 |     -0.0% |    3630 |     3627 |       842
    final |     -0.1% |    4555 |     4547 |         0
-------------------------------------------------------
[INFO GPL-0106] Timing-driven: worst slack -3e-09
[INFO GPL-0107] Timing-driven: repair_design delta area: -55.191 um^2 (-0.01%)
[INFO GPL-0108] Timing-driven: repair_design, gpl delta gcells: 34 (+0.07%)
[INFO GPL-0109] Timing-driven: repair_design, gcells created: 4589, deleted: 4555
[INFO GPL-0110] Timing-driven: new target density: 0.41123644
Iteration | Overflow |     HPWL (um) |  HPWL(%) |   Penalty | Group
---------------------------------------------------------------
     1610 |   0.1780 |  2.143460e+06 |   +1.88% |  1.31e-07 |      
     1620 |   0.1505 |  2.096909e+06 |   -2.17% |  1.93e-07 |      
     1630 |   0.1276 |  2.080702e+06 |   -0.77% |  2.84e-07 |      
     1640 |   0.1094 |  2.076903e+06 |   -0.18% |  4.18e-07 |      
     1647 |   0.0986 |  2.073382e+06 |          |  5.70e-07 |      
---------------------------------------------------------------
[INFO GPL-1001] Global placement finished at iteration 1647
[INFO GPL-1003] Routability mode iteration count: 1245
[INFO GPL-1005] Routability final weighted congestion: 1.1175
[INFO GPL-1002] Placed Cell Area            859542.1066
[INFO GPL-1003] Available Free Area         3049062.9120
[INFO GPL-1004] Minimum Feasible Density        0.2700 (cell_area / free_area)
[INFO GPL-1006]   Suggested Target Densities:
[INFO GPL-1007]     - For 90% usage of free space: 0.3132
[INFO GPL-1008]     - For 80% usage of free space: 0.3524
[INFO GPL-1009]     - For 50% usage of free space: 0.5638
[INFO GPL-1011] Original area (um^2): 820691.19
[INFO GPL-1012] Total routability artificial inflation: 6063.65 (+0.74%)
[INFO GPL-1013] Total timing-driven delta area: 32787.26 (+4.00%)
[INFO GPL-1014] Final placement area: 859542.11 (+4.73%)
Took 163 seconds: global_placement -density 0.4 -pad_left 0 -pad_right 0 -routability_driven -timing_driven
estimate_parasitics -placement
Report metrics stage 3, global place...

==========================================================================
global place report_design_area
--------------------------------------------------------------------------
Design area 1381655 um^2 35% utilization.
write_db ./results/ihp-sg13g2/picosoc_ihp/base/3_3_place_gp.odb
Elapsed time: 3:01.78[h:]min:sec. CPU time: user 2290.13 sys 204.40 (1372%). Peak memory: 844732KB.
Log                        Elapsed/s Peak Memory/MB  sha1sum .odb [0:20)
3_3_place_gp                     181            824 4a0cf9c49bf134a1834b
