OpenROAD dcf36133a369abc8f3c5e5738cd4d82e4903c0e0 
Features included (+) or not (-): +GPU +GUI +Python
This program is licensed under the BSD-3 license. See the LICENSE file for details.
Components of this program may be licensed under more restrictive licenses which must be honored.
[INFO ORD-0030] Using 20 thread(s).
read_liberty /home/ubuntu/Documents/asictest/OpenROAD-flow-scripts/flow/platforms/ihp-sg13g2/lib/sg13g2_stdcell_typ_1p20V_25C.lib
read_liberty /home/ubuntu/Documents/asictest/OpenROAD-flow-scripts/flow/platforms/ihp-sg13g2/lib/sg13g2_io_typ_1p2V_3p3V_25C.lib
read_db ./results/ihp-sg13g2/picosoc_ihp/base/3_4_place_resized.odb
source /home/ubuntu/Documents/asictest/OpenROAD-flow-scripts/flow/platforms/ihp-sg13g2/setRC.tcl
Placement Analysis
---------------------------------
total displacement      98507.3 u
average displacement        2.1 u
max displacement           38.2 u
original HPWL         2074723.9 u
legalized HPWL        2145616.3 u
delta HPWL                    3 %

Detailed placement improvement.
[INFO DPL-0401] Setting random seed to 1.
[INFO DPL-0402] Setting maximum displacement 5 1 to 18900 3780 units.
[INFO DPL-0320] Collected 289 fixed cells.
[INFO DPL-0318] Collected 47222 single height cells.
[INFO DPL-0321] Collected 0 wide cells.
[INFO DPL-0322] Image (400320, 400680) - (2400000, 2396520)
[INFO DPL-0310] Assigned 47222 cells into segments.  Movement in X-direction is 0.000000, movement in Y-direction is 0.000000.
[INFO DPL-0313] Found 0 cells in wrong regions.
[INFO DPL-0315] Found 0 row alignment problems.
[INFO DPL-0314] Found 0 site alignment problems.
[INFO DPL-0311] Found 0 overlaps between adjacent cells.
[INFO DPL-0312] Found 0 edge spacing violations and 0 padding violations.
[INFO DPL-0303] Running algorithm for independent set matching.
[INFO DPL-0300] Set matching objective is wirelength.
[INFO DPL-0301] Pass   1 of matching; objective is 2.114279e+09.
[INFO DPL-0302] End of matching; objective is 2.113958e+09, improvement is 0.02 percent.
[INFO DPL-0303] Running algorithm for global swaps.
[INFO DPL-0306] Pass   1 of global swaps; hpwl is 2.094413e+09.
[INFO DPL-0307] End of global swaps; objective is 2.094413e+09, improvement is 0.92 percent.
[INFO DPL-0303] Running algorithm for vertical swaps.
[INFO DPL-0308] Pass   1 of vertical swaps; hpwl is 2.087353e+09.
[INFO DPL-0309] End of vertical swaps; objective is 2.087353e+09, improvement is 0.34 percent.
[INFO DPL-0303] Running algorithm for reordering.
[INFO DPL-0304] Pass   1 of reordering; objective is 2.086633e+09.
[INFO DPL-0305] End of reordering; objective is 2.086633e+09, improvement is 0.03 percent.
[INFO DPL-0303] Running algorithm for random improvement.
[INFO DPL-0324] Random improver is using random generator.
[INFO DPL-0325] Random improver is using hpwl objective.
[INFO DPL-0326] Random improver cost string is (a).
[INFO DPL-0332] End of pass, Generator random called 944440 times.
[INFO DPL-0335] Generator random, Cumulative attempts 944440, swaps 80243, moves 378913 since last reset.
[INFO DPL-0333] End of pass, Objective hpwl, Initial cost 2.082992e+09, Scratch cost 2.067818e+09, Incremental cost 2.067818e+09, Mismatch? N
[INFO DPL-0338] End of pass, Total cost is 2.067818e+09.
[INFO DPL-0327] Pass   1 of random improver; improvement in cost is 0.73 percent.
[INFO DPL-0328] End of random improver; improvement is 0.728457 percent.
[INFO DPL-0380] Cell flipping.
[INFO DPL-0382] Changed 0 cell orientations for row compatibility.
[INFO DPL-0383] Performed 12477 cell flips.
[INFO DPL-0384] End of flipping; objective is 2.047450e+09, improvement is 1.16 percent.
[INFO DPL-0313] Found 0 cells in wrong regions.
[INFO DPL-0315] Found 0 row alignment problems.
[INFO DPL-0314] Found 0 site alignment problems.
[INFO DPL-0311] Found 0 overlaps between adjacent cells.
[INFO DPL-0312] Found 0 edge spacing violations and 0 padding violations.
Detailed Improvement Results
------------------------------------------
Original HPWL          2145616.3 u ( 1053936.3,  1091680.0)
Final HPWL             2078291.4 u ( 1016351.1,  1061940.3)
Delta HPWL                  -3.1 % (      -3.6,       -2.7)

[INFO DPL-0020] Mirrored 2388 instances
[INFO DPL-0021] HPWL before          2078291.4 u
[INFO DPL-0022] HPWL after           2077934.0 u
[INFO DPL-0023] HPWL delta               -0.0 %
[INFO FLW-0012] Placement violations .
estimate_parasitics -placement
Report metrics stage 3, detailed place...

==========================================================================
detailed place report_design_area
--------------------------------------------------------------------------
Design area 1381725 um^2 35% utilization.
write_db ./results/ihp-sg13g2/picosoc_ihp/base/3_5_place_dp.odb
Elapsed time: 0:36.54[h:]min:sec. CPU time: user 55.04 sys 6.84 (169%). Peak memory: 448748KB.
Log                        Elapsed/s Peak Memory/MB  sha1sum .odb [0:20)
3_5_place_dp                      36            438 7d62f9b35e514453903b
