OpenROAD dcf36133a369abc8f3c5e5738cd4d82e4903c0e0 
Features included (+) or not (-): +GPU +GUI +Python
This program is licensed under the BSD-3 license. See the LICENSE file for details.
Components of this program may be licensed under more restrictive licenses which must be honored.
[INFO ORD-0030] Using 20 thread(s).
read_liberty /home/ubuntu/Documents/asictest/OpenROAD-flow-scripts/flow/platforms/ihp-sg13g2/lib/sg13g2_stdcell_typ_1p20V_25C.lib
read_liberty /home/ubuntu/Documents/asictest/OpenROAD-flow-scripts/flow/platforms/ihp-sg13g2/lib/sg13g2_io_typ_1p2V_3p3V_25C.lib
read_db ./results/ihp-sg13g2/picosoc_ihp/base/4_cts.odb
[WARNING STA-0366] port 'io_phy_col_PAD' not found.
[WARNING STA-0366] port 'io_phy_crs_PAD' not found.
[WARNING STA-0366] port 'io_phy_rx_er_PAD' not found.
[WARNING STA-0366] port 'io_phy_col_PAD' not found.
[WARNING STA-0366] port 'io_phy_crs_PAD' not found.
[WARNING STA-0366] port 'io_phy_rx_er_PAD' not found.
[WARNING STA-0366] port 'io_phy_col_PAD' not found.
[WARNING STA-0366] port 'io_phy_crs_PAD' not found.
[WARNING STA-0366] port 'io_phy_rx_er_PAD' not found.
source /home/ubuntu/Documents/asictest/OpenROAD-flow-scripts/flow/platforms/ihp-sg13g2/setRC.tcl
pin_access
[INFO DRT-0149] Reading tech and libs.
[WARNING DRT-0349] LEF58_ENCLOSURE with no CUTCLASS is not supported. Skipping for layer Cont
[WARNING DRT-0349] LEF58_ENCLOSURE with no CUTCLASS is not supported. Skipping for layer Via1
[WARNING DRT-0349] LEF58_ENCLOSURE with no CUTCLASS is not supported. Skipping for layer Via1
[WARNING DRT-0349] LEF58_ENCLOSURE with no CUTCLASS is not supported. Skipping for layer Via2
[WARNING DRT-0349] LEF58_ENCLOSURE with no CUTCLASS is not supported. Skipping for layer Via3
[WARNING DRT-0349] LEF58_ENCLOSURE with no CUTCLASS is not supported. Skipping for layer Via4
[WARNING DRT-0349] LEF58_ENCLOSURE with no CUTCLASS is not supported. Skipping for layer TopVia1
[WARNING DRT-0349] LEF58_ENCLOSURE with no CUTCLASS is not supported. Skipping for layer TopVia1
[WARNING DRT-0349] LEF58_ENCLOSURE with no CUTCLASS is not supported. Skipping for layer TopVia2
[WARNING DRT-0349] LEF58_ENCLOSURE with no CUTCLASS is not supported. Skipping for layer TopVia2

Units:                1000
Number of layers:     15
Number of macros:     110
Number of vias:       163
Number of viarulegen: 6

[INFO DRT-0150] Reading design.

Design:                   picosoc_ihp
Die area:                 ( 0 0 ) ( 2800000 2800000 )
Number of track patterns: 14
Number of DEF vias:       0
Number of components:     48028
Number of terminals:      31
Number of snets:          32
Number of nets:           47748

[INFO DRT-0167] List of default vias:
  Layer Via2
    default via: Via2_YX
  Layer Via3
    default via: Via3_XY
  Layer Via4
    default via: Via4_YX
  Layer TopVia1
    default via: TopVia1EWNS
  Layer TopVia2
    default via: TopVia2EWNS
[INFO DRT-0162] Library cell analysis.
[INFO DRT-0163] Instance analysis.
[INFO DRT-0164] Number of unique instances = 2227.
[INFO DRT-0168] Init region query.
[INFO DRT-0024]   Complete GatPoly.
[INFO DRT-0024]   Complete Cont.
[INFO DRT-0024]   Complete Metal1.
[INFO DRT-0024]   Complete Via1.
[INFO DRT-0024]   Complete Metal2.
[INFO DRT-0024]   Complete Via2.
[INFO DRT-0024]   Complete Metal3.
[INFO DRT-0024]   Complete Via3.
[INFO DRT-0024]   Complete Metal4.
[INFO DRT-0024]   Complete Via4.
[INFO DRT-0024]   Complete Metal5.
[INFO DRT-0024]   Complete TopVia1.
[INFO DRT-0024]   Complete TopMetal1.
[INFO DRT-0024]   Complete TopVia2.
[INFO DRT-0024]   Complete TopMetal2.
[INFO DRT-0033] GatPoly shape region query size = 0.
[INFO DRT-0033] Cont shape region query size = 0.
[INFO DRT-0033] Metal1 shape region query size = 1426637.
[INFO DRT-0033] Via1 shape region query size = 170592.
[INFO DRT-0033] Metal2 shape region query size = 35372.
[INFO DRT-0033] Via2 shape region query size = 170592.
[INFO DRT-0033] Metal3 shape region query size = 34748.
[INFO DRT-0033] Via3 shape region query size = 170292.
[INFO DRT-0033] Metal4 shape region query size = 35861.
[INFO DRT-0033] Via4 shape region query size = 241019.
[INFO DRT-0033] Metal5 shape region query size = 51154.
[INFO DRT-0033] TopVia1 shape region query size = 102088.
[INFO DRT-0033] TopMetal1 shape region query size = 22239.
[INFO DRT-0033] TopVia2 shape region query size = 24726.
[INFO DRT-0033] TopMetal2 shape region query size = 5786.
[INFO DRT-0165] Start pin access.
[INFO DRT-0076]   Complete 1000 pins.
[INFO DRT-0076]   Complete 2000 pins.
[INFO DRT-0076]   Complete 3000 pins.
[INFO DRT-0076]   Complete 4000 pins.
[INFO DRT-0076]   Complete 5000 pins.
[INFO DRT-0076]   Complete 6000 pins.
[INFO DRT-0076]   Complete 7000 pins.
[INFO DRT-0076]   Complete 8000 pins.
[INFO DRT-0076]   Complete 9000 pins.
[INFO DRT-0076]   Complete 10000 pins.
[INFO DRT-0078]   Complete 11990 pins.
[INFO DRT-0079]   Complete 100 unique inst patterns.
[INFO DRT-0079]   Complete 200 unique inst patterns.
[INFO DRT-0079]   Complete 300 unique inst patterns.
[INFO DRT-0079]   Complete 400 unique inst patterns.
[INFO DRT-0079]   Complete 500 unique inst patterns.
[INFO DRT-0079]   Complete 600 unique inst patterns.
[INFO DRT-0079]   Complete 700 unique inst patterns.
[INFO DRT-0079]   Complete 800 unique inst patterns.
[INFO DRT-0079]   Complete 900 unique inst patterns.
[INFO DRT-0079]   Complete 1000 unique inst patterns.
[INFO DRT-0079]   Complete 2000 unique inst patterns.
[INFO DRT-0081]   Complete 2013 unique inst patterns.
[INFO DRT-0082]   Complete 10000 groups.
[INFO DRT-0082]   Complete 20000 groups.
[INFO DRT-0082]   Complete 30000 groups.
[INFO DRT-0084]   Complete 31527 groups.
#scanned instances     = 48028
#unique  instances     = 2094
#stdCellGenAp          = 94253
#stdCellValidPlanarAp  = 0
#stdCellValidViaAp     = 55932
#stdCellPinNoAp        = 0
#stdCellPinCnt         = 151730
#instTermValidViaApCnt = 0
#macroGenAp            = 3610
#macroValidPlanarAp    = 1381
#macroValidViaAp       = 67
#macroNoAp             = 0
[INFO DRT-0166] Complete pin access.
[INFO DRT-0267] cpu time = 00:42:41, elapsed time = 00:02:12, memory = 440.71 (MB), peak = 445.91 (MB)
Took 133 seconds: pin_access
global_route -congestion_report_file ./reports/ihp-sg13g2/picosoc_ihp/base/congestion.rpt -congestion_iterations 30 -congestion_report_iter_step 5 -verbose
[INFO GRT-0020] Min routing layer: Metal2
[INFO GRT-0021] Max routing layer: Metal5
[INFO GRT-0022] Global adjustment: 0%
[INFO GRT-0023] Grid origin: (0, 0)
[INFO GRT-0088] Layer Metal1  Track-Pitch = 0.4800  line-2-Via Pitch: 0.3650
[INFO GRT-0088] Layer Metal2  Track-Pitch = 0.4200  line-2-Via Pitch: 0.4150
[INFO GRT-0088] Layer Metal3  Track-Pitch = 0.4800  line-2-Via Pitch: 0.4150
[INFO GRT-0088] Layer Metal4  Track-Pitch = 0.4200  line-2-Via Pitch: 0.4150
[INFO GRT-0088] Layer Metal5  Track-Pitch = 0.4800  line-2-Via Pitch: 0.4100
[INFO GRT-0003] Macros: 5
[INFO GRT-0004] Blockages: 12672
[INFO GRT-0019] Found 283 clock nets.
[INFO GRT-0001] Minimum degree: 2
[INFO GRT-0002] Maximum degree: 21

[INFO GRT-0053] Routing resources analysis:
          Routing      Original      Derated      Resource
Layer     Direction    Resources     Resources    Reduction (%)
---------------------------------------------------------------
Metal1     Horizontal          0             0          0.00%
Metal2     Vertical      1842453       1708703          7.26%
Metal3     Horizontal    1749662       1614101          7.75%
Metal4     Vertical      1851894       1716304          7.32%
Metal5     Horizontal    1740257       1602831          7.90%
---------------------------------------------------------------

[INFO GRT-0101] Running extra iterations to remove overflow.
[INFO GRT-0102] Start extra iteration 1/30
[INFO GRT-0102] Start extra iteration 2/30
[INFO GRT-0102] Start extra iteration 3/30
[INFO GRT-0102] Start extra iteration 4/30
[INFO GRT-0102] Start extra iteration 5/30
[INFO GRT-0102] Start extra iteration 6/30
[INFO GRT-0102] Start extra iteration 7/30
[INFO GRT-0102] Start extra iteration 8/30
[INFO GRT-0102] Start extra iteration 9/30
[INFO GRT-0197] Via related to pin nodes: 261846
[INFO GRT-0198] Via related Steiner nodes: 6299
[INFO GRT-0199] Via filling finished.
[INFO GRT-0111] Final number of vias: 330470
[INFO GRT-0112] Final usage 3D: 1408819

[INFO GRT-0096] Final congestion report:
Layer         Resource        Demand        Usage (%)    Max H / Max V / Total Overflow
---------------------------------------------------------------------------------------
Metal1               0             0            0.00%             0 /  0 /  0
Metal2         1708703        181426           10.62%             0 /  0 /  0
Metal3         1614101        203684           12.62%             0 /  0 /  0
Metal4         1716304         17123            1.00%             0 /  0 /  0
Metal5         1602831         15176            0.95%             0 /  0 /  0
---------------------------------------------------------------------------------------
Total          6641939        417409            6.28%             0 /  0 /  0

[INFO GRT-0018] Total wirelength: 3401603 um
[INFO GRT-0014] Routed nets: 47748
[INFO GRT-0303] Global routing runtime = 00:00:24
Took 26 seconds: global_route -congestion_report_file ./reports/ihp-sg13g2/picosoc_ihp/base/congestion.rpt -congestion_iterations 30 -congestion_report_iter_step 5 -verbose
estimate_parasitics -global_routing
Perform buffer insertion and gate resizing...
repair_design -verbose
Iteration |   Area    | Resized | Buffers | Nets repaired | Remaining
---------------------------------------------------------------------
        0 |     +0.0% |       0 |       0 |             0 |     48035
     1000 |     +0.0% |       0 |       0 |             0 |     47035
     2000 |     +0.0% |       0 |       0 |             0 |     46035
     3000 |     +0.0% |       0 |       0 |             0 |     45035
     4000 |     +0.0% |       0 |       0 |             0 |     44035
     5000 |     +0.0% |       0 |       0 |             0 |     43035
     6000 |     +0.0% |       0 |       0 |             0 |     42035
     7000 |     +0.0% |       0 |       0 |             0 |     41035
     8000 |     +0.0% |       0 |       0 |             0 |     40035
     9000 |     +0.0% |       0 |       0 |             0 |     39035
    10000 |     +0.0% |       0 |       0 |             0 |     38035
    11000 |     +0.0% |       0 |       0 |             0 |     37035
    12000 |     +0.0% |       0 |       0 |             0 |     36035
    13000 |     +0.0% |       0 |       0 |             0 |     35035
    14000 |     +0.0% |       0 |       0 |             0 |     34035
    15000 |     +0.0% |       0 |       0 |             0 |     33035
    16000 |     +0.0% |       0 |       0 |             0 |     32035
    17000 |     +0.0% |       0 |       0 |             0 |     31035
    18000 |     +0.0% |       0 |       0 |             0 |     30035
    19000 |     +0.0% |       0 |       0 |             0 |     29035
    20000 |     +0.0% |       0 |       0 |             0 |     28035
    21000 |     +0.0% |       0 |       0 |             0 |     27035
    22000 |     +0.0% |       1 |       0 |             1 |     26035
    23000 |     +0.0% |       1 |       0 |             1 |     25035
    24000 |     +0.0% |       1 |       0 |             1 |     24035
    25000 |     +0.0% |       1 |       0 |             1 |     23035
    26000 |     +0.0% |       1 |       0 |             1 |     22035
    27000 |     +0.0% |       1 |       0 |             1 |     21035
    28000 |     +0.0% |       1 |       0 |             1 |     20035
    29000 |     +0.0% |       1 |       0 |             1 |     19035
    30000 |     +0.0% |       1 |       0 |             1 |     18035
    31000 |     +0.0% |       1 |       0 |             1 |     17035
    32000 |     +0.0% |       1 |       0 |             1 |     16035
    33000 |     +0.0% |       1 |       0 |             1 |     15035
    34000 |     +0.0% |       1 |       0 |             1 |     14035
    35000 |     +0.0% |       1 |       0 |             1 |     13035
    36000 |     +0.0% |       1 |       2 |             4 |     12035
    37000 |     +0.0% |       1 |       3 |             5 |     11035
    38000 |     +0.0% |       1 |       6 |             8 |     10035
    39000 |     +0.0% |       1 |       6 |             8 |      9035
    40000 |     +0.0% |       1 |       6 |             8 |      8035
    41000 |     +0.0% |       1 |       7 |             9 |      7035
    42000 |     +0.0% |       1 |       7 |             9 |      6035
    43000 |     +0.0% |       1 |       7 |             9 |      5035
    44000 |     +0.0% |       1 |       7 |             9 |      4035
    45000 |     +0.0% |       1 |       7 |             9 |      3035
    46000 |     +0.0% |       1 |       7 |             9 |      2035
    47000 |     +0.0% |       1 |       7 |             9 |      1035
    48000 |     +0.0% |       1 |       7 |             9 |        35
    final |     +0.0% |       1 |       7 |             9 |         0
---------------------------------------------------------------------
[INFO RSZ-0034] Found 1 slew violations.
[INFO RSZ-0036] Found 8 capacitance violations.
[INFO RSZ-0039] Resized 1 instances.
[INFO RSZ-0038] Inserted 7 buffers in 9 nets.
Took 9 seconds: repair_design -verbose
global_route -start_incremental
detailed_placement
Placement Analysis
---------------------------------
total displacement         30.9 u
average displacement        0.0 u
max displacement            3.8 u
original HPWL         2162475.0 u
legalized HPWL        2162491.7 u
delta HPWL                    0 %

global_route -end_incremental -congestion_report_file ./reports/ihp-sg13g2/picosoc_ihp/base/congestion_post_repair_design.rpt
Repair setup and hold violations...
estimate_parasitics -global_routing
repair_timing -setup_margin 0 -hold_margin 0 -repair_tns 100 -verbose
[INFO RSZ-0100] Repair move sequence: UnbufferMove SizeUpMove SwapPinsMove BufferMove CloneMove SplitLoadMove 
[INFO RSZ-0098] No setup violations found
[INFO RSZ-0046] Found 8 endpoints with hold violations.
Iteration | Resized | Buffers | Cloned Gates |   Area   |   WNS   |   TNS   | Endpoint
--------------------------------------------------------------------------------------
        0 |       0 |       0 |            0 |    +0.0% |  -0.427 |  -1.482 | picosoc_core.soc.spimemio.xfer.xfer_tag_q[0]$_DFF_P_/D
    final |       0 |      10 |            0 |    +0.0% |   0.024 |   0.000 | picosoc_core.soc.PTP_HA1588.ha1588_inst.u_rtc.time_adj_16b_00n_24f[4]$_DFF_PP0_/D
--------------------------------------------------------------------------------------
[INFO RSZ-0032] Inserted 10 hold buffers.
global_route -start_incremental
detailed_placement
Placement Analysis
---------------------------------
total displacement         29.9 u
average displacement        0.0 u
max displacement            4.7 u
original HPWL         2162523.2 u
legalized HPWL        2162551.4 u
delta HPWL                    0 %

global_route -end_incremental -congestion_report_file ./reports/ihp-sg13g2/picosoc_ihp/base/congestion_post_repair_timing.rpt
global_route -start_incremental
global_route -end_incremental -congestion_report_file ./reports/ihp-sg13g2/picosoc_ihp/base/congestion_post_recover_power.rpt
Repair antennas...
[INFO GRT-0012] Found 222 antenna violations.
[INFO GRT-0302] Inserted 286 jumpers for 167 nets.
[INFO GRT-0012] Found 67 antenna violations.
[INFO GRT-0015] Inserted 134 diodes.
[INFO GRT-0012] Found 8 antenna violations.
[INFO GRT-0302] Inserted 8 jumpers for 7 nets.
[INFO GRT-0012] Found 2 antenna violations.
[INFO GRT-0015] Inserted 5 diodes.
[INFO GRT-0012] Found 1 antenna violations.
[INFO GRT-0302] Inserted 1 jumpers for 1 nets.
[INFO GRT-0012] Found 0 antenna violations.
[INFO ANT-0002] Found 0 net violations.
[INFO ANT-0001] Found 0 pin violations.
Estimate parasitics...
estimate_parasitics -global_routing
Report metrics stage 5, global route...

==========================================================================
global route report_design_area
--------------------------------------------------------------------------
Design area 1399311 um^2 35% utilization.
[INFO FLW-0007] clock clk_core period 20.000000
[INFO FLW-0008] Clock clk_core period 16.880
[INFO FLW-0009] Clock clk_core slack 2.231
[INFO FLW-0011] Path endpoint path count 9465
write_db ./results/ihp-sg13g2/picosoc_ihp/base/5_1_grt.odb
write_sdc -no_timestamp ./results/ihp-sg13g2/picosoc_ihp/base/5_1_grt.sdc
Elapsed time: 3:42.45[h:]min:sec. CPU time: user 3112.73 sys 34.18 (1414%). Peak memory: 1286988KB.
Log                        Elapsed/s Peak Memory/MB  sha1sum .odb [0:20)
5_1_grt                          222           1256 8e2cfc451937f3548d6e
